2021-10-13 10:53:40:5340
    [31merror[39m: [31msomething[39m
2021-10-13 10:53:40:5340
    [33mwarn[39m: [33msomething[39m
2021-10-13 10:53:40:5340
    [32minfo[39m: [32msomething[39m
2021-10-13 10:53:40:5340
    [35mhttp[39m: [35msomething[39m
2021-10-13 10:53:40:5340
    [37mdebug[39m: [37msomething[39m
2021-10-13 10:54:58:5458
    [31merror[39m: [31msomething[39m
2021-10-13 10:54:58:5458
    [33mwarn[39m: [33msomething[39m
2021-10-13 10:54:58:5458
    [32minfo[39m: [32msomething[39m
2021-10-13 10:54:58:5458
    [35mhttp[39m: [35msomething[39m
2021-10-13 10:54:58:5458
    [37mdebug[39m: [37msomething[39m
2021-10-13 10:59:17:5917
    [31merror[39m: [31msomething[39m
2021-10-13 10:59:17:5917
    [33mwarn[39m: [33msomething[39m
2021-10-13 10:59:17:5917
    [32minfo[39m: [32msomething[39m
2021-10-13 10:59:17:5917
    [35mhttp[39m: [35msomething[39m
2021-10-13 10:59:17:5917
    [37mdebug[39m: [37msomething[39m
2021-10-13 10:59:29:5929
    [33mwarn[39m: [33mSERVER IS IN DEVELOPMENT MODE![39m
2021-10-13 10:59:29:5929
    [31merror[39m: [31msomething[39m
2021-10-13 10:59:29:5929
    [33mwarn[39m: [33msomething[39m
2021-10-13 10:59:29:5929
    [32minfo[39m: [32msomething[39m
2021-10-13 10:59:29:5929
    [35mhttp[39m: [35msomething[39m
2021-10-13 10:59:29:5929
    [37mdebug[39m: [37msomething[39m
2021-10-13 10:59:53:5953
    [33mwarn[39m: [33mSERVER IS IN DEVELOPMENT MODE![39m
2021-10-13 10:59:53:5953
    [32minfo[39m: [32mserver started att http://localhost:3001[39m
2021-10-13 10:59:53:5953
    [31merror[39m: [31msomething[39m
2021-10-13 10:59:53:5953
    [33mwarn[39m: [33msomething[39m
2021-10-13 10:59:53:5953
    [32minfo[39m: [32msomething[39m
2021-10-13 10:59:53:5953
    [35mhttp[39m: [35msomething[39m
2021-10-13 10:59:53:5953
    [37mdebug[39m: [37msomething[39m
2021-10-13 11:00:26:026
    [33mwarn[39m: [33mSERVER IS IN DEVELOPMENT MODE![39m
2021-10-13 11:00:26:026
    [32minfo[39m: [32mserver started att http://localhost:3001[39m
